0 verbose cli C:\Program Files\nodejs\node.exe C:\Program Files\nodejs\node_modules\npm\bin\npm-cli.js
1 info using npm@11.11.0
2 info using node@v24.14.1
3 silly config load:file:C:\Program Files\nodejs\node_modules\npm\npmrc
4 silly config load:file:d:\Projects\Portfolio\.npmrc
5 silly config load:file:C:\Users\aravinth.j\.npmrc
6 silly config load:file:C:\Users\aravinth.j\AppData\Roaming\npm\etc\npmrc
7 verbose title npm install express express-handlebars pdf-parse
8 verbose argv "install" "express" "express-handlebars" "pdf-parse" "--strict-ssl" "false" "--cache" ".npm-cache"
9 verbose logfile logs-max:10 dir:d:\Projects\Portfolio\.npm-cache\_logs\2026-05-27T05_33_27_255Z-
10 verbose logfile d:\Projects\Portfolio\.npm-cache\_logs\2026-05-27T05_33_27_255Z-debug-0.log
11 silly logfile done cleaning log files
12 silly packumentCache heap:4496293888 maxSize:1124073472 maxEntrySize:562036736
13 silly idealTree buildDeps
14 silly fetch manifest express@*
15 silly packumentCache full:https://registry.npmjs.org/express cache-miss
16 http fetch GET 200 https://registry.npmjs.org/express 233ms (cache miss)
17 silly packumentCache full:https://registry.npmjs.org/express set size:undefined disposed:false
18 silly fetch manifest express-handlebars@*
19 silly packumentCache full:https://registry.npmjs.org/express-handlebars cache-miss
20 http fetch GET 200 https://registry.npmjs.org/npm 386ms
21 http fetch GET 200 https://registry.npmjs.org/express-handlebars 116ms (cache miss)
22 silly packumentCache full:https://registry.npmjs.org/express-handlebars set size:undefined disposed:false
23 silly fetch manifest pdf-parse@*
24 silly packumentCache full:https://registry.npmjs.org/pdf-parse cache-miss
25 http fetch GET 200 https://registry.npmjs.org/pdf-parse 64ms (cache miss)
26 silly packumentCache full:https://registry.npmjs.org/pdf-parse set size:undefined disposed:false
27 silly placeDep ROOT express@5.2.1 OK for: portfolio@1.0.0 want: *
28 silly placeDep ROOT express-handlebars@9.0.1 OK for: portfolio@1.0.0 want: *
29 silly placeDep ROOT pdf-parse@2.4.5 OK for: portfolio@1.0.0 want: *
30 silly fetch manifest qs@^6.14.0
31 silly packumentCache full:https://registry.npmjs.org/qs cache-miss
32 silly fetch manifest depd@^2.0.0
33 silly packumentCache full:https://registry.npmjs.org/depd cache-miss
34 silly fetch manifest etag@^1.8.1
35 silly packumentCache full:https://registry.npmjs.org/etag cache-miss
36 silly fetch manifest once@^1.4.0
37 silly packumentCache full:https://registry.npmjs.org/once cache-miss
38 silly fetch manifest send@^1.1.0
39 silly packumentCache full:https://registry.npmjs.org/send cache-miss
40 silly fetch manifest vary@^1.1.2
41 silly packumentCache full:https://registry.npmjs.org/vary cache-miss
42 silly fetch manifest debug@^4.4.0
43 silly packumentCache full:https://registry.npmjs.org/debug cache-miss
44 http fetch GET 200 https://registry.npmjs.org/depd 98ms (cache miss)
45 silly packumentCache full:https://registry.npmjs.org/depd set size:undefined disposed:false
46 silly fetch manifest fresh@^2.0.0
47 silly packumentCache full:https://registry.npmjs.org/fresh cache-miss
48 http fetch GET 200 https://registry.npmjs.org/qs 118ms (cache miss)
49 silly packumentCache full:https://registry.npmjs.org/qs set size:undefined disposed:false
50 silly fetch manifest cookie@^0.7.1
51 silly packumentCache full:https://registry.npmjs.org/cookie cache-miss
52 http fetch GET 200 https://registry.npmjs.org/fresh 78ms (cache miss)
53 silly packumentCache full:https://registry.npmjs.org/fresh set size:undefined disposed:false
54 silly fetch manifest router@^2.2.0
55 silly packumentCache full:https://registry.npmjs.org/router cache-miss
56 http fetch GET 200 https://registry.npmjs.org/once 181ms (cache miss)
57 silly packumentCache full:https://registry.npmjs.org/once set size:undefined disposed:false
58 silly fetch manifest accepts@^2.0.0
59 silly packumentCache full:https://registry.npmjs.org/accepts cache-miss
60 http fetch GET 200 https://registry.npmjs.org/etag 195ms (cache miss)
61 silly packumentCache full:https://registry.npmjs.org/etag set size:undefined disposed:false
62 silly fetch manifest type-is@^2.0.1
63 silly packumentCache full:https://registry.npmjs.org/type-is cache-miss
64 http fetch GET 200 https://registry.npmjs.org/send 199ms (cache miss)
65 silly packumentCache full:https://registry.npmjs.org/send set size:undefined disposed:false
66 silly fetch manifest parseurl@^1.3.3
67 silly packumentCache full:https://registry.npmjs.org/parseurl cache-miss
68 http fetch GET 200 https://registry.npmjs.org/cookie 89ms (cache miss)
69 silly packumentCache full:https://registry.npmjs.org/cookie set size:undefined disposed:false
70 silly fetch manifest statuses@^2.0.1
71 silly packumentCache full:https://registry.npmjs.org/statuses cache-miss
72 http fetch GET 200 https://registry.npmjs.org/vary 227ms (cache miss)
73 silly packumentCache full:https://registry.npmjs.org/vary set size:undefined disposed:false
74 silly fetch manifest encodeurl@^2.0.0
75 silly packumentCache full:https://registry.npmjs.org/encodeurl cache-miss
76 http fetch GET 200 https://registry.npmjs.org/parseurl 87ms (cache miss)
77 silly packumentCache full:https://registry.npmjs.org/parseurl set size:undefined disposed:false
78 silly fetch manifest mime-types@^3.0.0
79 silly packumentCache full:https://registry.npmjs.org/mime-types cache-miss
80 http fetch GET 200 https://registry.npmjs.org/encodeurl 72ms (cache miss)
81 silly packumentCache full:https://registry.npmjs.org/encodeurl set size:undefined disposed:false
82 silly fetch manifest proxy-addr@^2.0.7
83 silly packumentCache full:https://registry.npmjs.org/proxy-addr cache-miss
84 http fetch GET 200 https://registry.npmjs.org/statuses 87ms (cache miss)
85 silly packumentCache full:https://registry.npmjs.org/statuses set size:undefined disposed:false
86 silly fetch manifest body-parser@^2.2.1
87 silly packumentCache full:https://registry.npmjs.org/body-parser cache-miss
88 http fetch GET 200 https://registry.npmjs.org/type-is 116ms (cache miss)
89 silly packumentCache full:https://registry.npmjs.org/type-is set size:undefined disposed:false
90 silly fetch manifest escape-html@^1.0.3
91 silly packumentCache full:https://registry.npmjs.org/escape-html cache-miss
92 http fetch GET 200 https://registry.npmjs.org/accepts 135ms (cache miss)
93 silly packumentCache full:https://registry.npmjs.org/accepts set size:undefined disposed:false
94 silly fetch manifest http-errors@^2.0.0
95 silly packumentCache full:https://registry.npmjs.org/http-errors cache-miss
96 http fetch GET 200 https://registry.npmjs.org/router 144ms (cache miss)
97 silly packumentCache full:https://registry.npmjs.org/router set size:undefined disposed:false
98 silly fetch manifest on-finished@^2.4.1
99 silly packumentCache full:https://registry.npmjs.org/on-finished cache-miss
100 http fetch GET 200 https://registry.npmjs.org/escape-html 91ms (cache miss)
101 silly packumentCache full:https://registry.npmjs.org/escape-html set size:undefined disposed:false
102 silly fetch manifest content-type@^1.0.5
103 silly packumentCache full:https://registry.npmjs.org/content-type cache-miss
104 http fetch GET 200 https://registry.npmjs.org/on-finished 83ms (cache miss)
105 silly packumentCache full:https://registry.npmjs.org/on-finished set size:undefined disposed:false
106 silly fetch manifest finalhandler@^2.1.0
107 silly packumentCache full:https://registry.npmjs.org/finalhandler cache-miss
108 http fetch GET 200 https://registry.npmjs.org/http-errors 93ms (cache miss)
109 silly packumentCache full:https://registry.npmjs.org/http-errors set size:undefined disposed:false
110 silly fetch manifest range-parser@^1.2.1
111 silly packumentCache full:https://registry.npmjs.org/range-parser cache-miss
112 http fetch GET 200 https://registry.npmjs.org/proxy-addr 118ms (cache miss)
113 silly packumentCache full:https://registry.npmjs.org/proxy-addr set size:undefined disposed:false
114 silly fetch manifest serve-static@^2.2.0
115 silly packumentCache full:https://registry.npmjs.org/serve-static cache-miss
116 http fetch GET 200 https://registry.npmjs.org/mime-types 133ms (cache miss)
117 silly packumentCache full:https://registry.npmjs.org/mime-types set size:undefined disposed:false
118 silly fetch manifest cookie-signature@^1.2.1
119 silly packumentCache full:https://registry.npmjs.org/cookie-signature cache-miss
120 http fetch GET 200 https://registry.npmjs.org/body-parser 123ms (cache miss)
121 silly packumentCache full:https://registry.npmjs.org/body-parser set size:undefined disposed:false
122 silly fetch manifest merge-descriptors@^2.0.0
123 silly packumentCache full:https://registry.npmjs.org/merge-descriptors cache-miss
124 http fetch GET 200 https://registry.npmjs.org/content-type 86ms (cache miss)
125 silly packumentCache full:https://registry.npmjs.org/content-type set size:undefined disposed:false
126 silly fetch manifest content-disposition@^1.0.0
127 silly packumentCache full:https://registry.npmjs.org/content-disposition cache-miss
128 http fetch GET 200 https://registry.npmjs.org/range-parser 91ms (cache miss)
129 silly packumentCache full:https://registry.npmjs.org/range-parser set size:undefined disposed:false
130 silly fetch manifest glob@^13.0.6
131 silly packumentCache full:https://registry.npmjs.org/glob cache-miss
132 http fetch GET 200 https://registry.npmjs.org/cookie-signature 93ms (cache miss)
133 silly packumentCache full:https://registry.npmjs.org/cookie-signature set size:undefined disposed:false
134 silly fetch manifest graceful-fs@^4.2.11
135 silly packumentCache full:https://registry.npmjs.org/graceful-fs cache-miss
136 http fetch GET 200 https://registry.npmjs.org/merge-descriptors 89ms (cache miss)
137 silly packumentCache full:https://registry.npmjs.org/merge-descriptors set size:undefined disposed:false
138 silly fetch manifest handlebars@^4.7.9
139 silly packumentCache full:https://registry.npmjs.org/handlebars cache-miss
140 http fetch GET 200 https://registry.npmjs.org/finalhandler 120ms (cache miss)
141 silly packumentCache full:https://registry.npmjs.org/finalhandler set size:undefined disposed:false
142 silly fetch manifest pdfjs-dist@5.4.296
143 silly packumentCache full:https://registry.npmjs.org/pdfjs-dist cache-miss
144 http fetch GET 200 https://registry.npmjs.org/debug 546ms (cache miss)
145 silly packumentCache full:https://registry.npmjs.org/debug set size:undefined disposed:false
146 silly fetch manifest @napi-rs/canvas@0.1.80
147 silly packumentCache full:https://registry.npmjs.org/@napi-rs%2fcanvas cache-miss
148 http fetch GET 200 https://registry.npmjs.org/serve-static 136ms (cache miss)
149 silly packumentCache full:https://registry.npmjs.org/serve-static set size:undefined disposed:false
150 http fetch GET 200 https://registry.npmjs.org/content-disposition 77ms (cache miss)
151 silly packumentCache full:https://registry.npmjs.org/content-disposition set size:undefined disposed:false
152 http fetch GET 200 https://registry.npmjs.org/graceful-fs 103ms (cache miss)
153 silly packumentCache full:https://registry.npmjs.org/graceful-fs set size:undefined disposed:false
154 http fetch GET 200 https://registry.npmjs.org/glob 138ms (cache miss)
155 silly packumentCache full:https://registry.npmjs.org/glob set size:undefined disposed:false
156 http fetch GET 200 https://registry.npmjs.org/handlebars 140ms (cache miss)
157 silly packumentCache full:https://registry.npmjs.org/handlebars set size:undefined disposed:false
158 http fetch GET 200 https://registry.npmjs.org/@napi-rs%2fcanvas 141ms (cache miss)
159 silly packumentCache full:https://registry.npmjs.org/@napi-rs%2fcanvas set size:undefined disposed:false
160 http fetch GET 200 https://registry.npmjs.org/pdfjs-dist 391ms (cache miss)
161 silly packumentCache full:https://registry.npmjs.org/pdfjs-dist set size:undefined disposed:false
162 silly placeDep ROOT accepts@2.0.0 OK for: express@5.2.1 want: ^2.0.0
163 silly placeDep ROOT body-parser@2.2.2 OK for: express@5.2.1 want: ^2.2.1
164 silly placeDep ROOT content-disposition@1.1.0 OK for: express@5.2.1 want: ^1.0.0
165 silly placeDep ROOT content-type@1.0.5 OK for: express@5.2.1 want: ^1.0.5
166 silly placeDep ROOT cookie@0.7.2 OK for: express@5.2.1 want: ^0.7.1
167 silly placeDep ROOT cookie-signature@1.2.2 OK for: express@5.2.1 want: ^1.2.1
168 silly placeDep ROOT debug@4.4.3 OK for: express@5.2.1 want: ^4.4.0
169 silly placeDep ROOT depd@2.0.0 OK for: express@5.2.1 want: ^2.0.0
170 silly placeDep ROOT encodeurl@2.0.0 OK for: express@5.2.1 want: ^2.0.0
171 silly placeDep ROOT escape-html@1.0.3 OK for: express@5.2.1 want: ^1.0.3
172 silly placeDep ROOT etag@1.8.1 OK for: express@5.2.1 want: ^1.8.1
173 silly placeDep ROOT finalhandler@2.1.1 OK for: express@5.2.1 want: ^2.1.0
174 silly placeDep ROOT fresh@2.0.0 OK for: express@5.2.1 want: ^2.0.0
175 silly placeDep ROOT http-errors@2.0.1 OK for: express@5.2.1 want: ^2.0.0
176 silly placeDep ROOT merge-descriptors@2.0.0 OK for: express@5.2.1 want: ^2.0.0
177 silly placeDep ROOT mime-types@3.0.2 OK for: express@5.2.1 want: ^3.0.0
178 silly placeDep ROOT on-finished@2.4.1 OK for: express@5.2.1 want: ^2.4.1
179 silly placeDep ROOT once@1.4.0 OK for: express@5.2.1 want: ^1.4.0
180 silly placeDep ROOT parseurl@1.3.3 OK for: express@5.2.1 want: ^1.3.3
181 silly placeDep ROOT proxy-addr@2.0.7 OK for: express@5.2.1 want: ^2.0.7
182 silly placeDep ROOT qs@6.15.2 OK for: express@5.2.1 want: ^6.14.0
183 silly placeDep ROOT range-parser@1.2.1 OK for: express@5.2.1 want: ^1.2.1
184 silly placeDep ROOT router@2.2.0 OK for: express@5.2.1 want: ^2.2.0
185 silly placeDep ROOT send@1.2.1 OK for: express@5.2.1 want: ^1.1.0
186 silly placeDep ROOT serve-static@2.2.1 OK for: express@5.2.1 want: ^2.2.0
187 silly placeDep ROOT statuses@2.0.2 OK for: express@5.2.1 want: ^2.0.1
188 silly placeDep ROOT type-is@2.1.0 OK for: express@5.2.1 want: ^2.0.1
189 silly placeDep ROOT vary@1.1.2 OK for: express@5.2.1 want: ^1.1.2
190 silly fetch manifest negotiator@^1.0.0
191 silly packumentCache full:https://registry.npmjs.org/negotiator cache-miss
192 silly fetch manifest qs@^6.14.1
193 silly packumentCache full:https://registry.npmjs.org/qs cache-miss
194 silly fetch manifest bytes@^3.1.2
195 silly packumentCache full:https://registry.npmjs.org/bytes cache-miss
196 silly fetch manifest debug@^4.4.3
197 silly packumentCache full:https://registry.npmjs.org/debug cache-miss
198 silly fetch manifest raw-body@^3.0.1
199 silly packumentCache full:https://registry.npmjs.org/raw-body cache-miss
200 silly fetch manifest iconv-lite@^0.7.0
201 silly packumentCache full:https://registry.npmjs.org/iconv-lite cache-miss
202 silly fetch manifest ms@^2.1.3
203 silly packumentCache full:https://registry.npmjs.org/ms cache-miss
204 http cache https://registry.npmjs.org/debug 39ms (cache hit)
205 silly packumentCache full:https://registry.npmjs.org/debug set size:195840 disposed:false
206 silly fetch manifest inherits@~2.0.4
207 silly packumentCache full:https://registry.npmjs.org/inherits cache-miss
208 http cache https://registry.npmjs.org/qs 57ms (cache hit)
209 silly packumentCache full:https://registry.npmjs.org/qs set size:356906 disposed:false
210 silly fetch manifest setprototypeof@~1.2.0
211 silly packumentCache full:https://registry.npmjs.org/setprototypeof cache-miss
212 http fetch GET 200 https://registry.npmjs.org/negotiator 121ms (cache miss)
213 silly packumentCache full:https://registry.npmjs.org/negotiator set size:undefined disposed:false
214 silly fetch manifest statuses@~2.0.2
215 silly packumentCache full:https://registry.npmjs.org/statuses cache-miss
216 http fetch GET 200 https://registry.npmjs.org/bytes 132ms (cache miss)
217 silly packumentCache full:https://registry.npmjs.org/bytes set size:undefined disposed:false
218 silly fetch manifest toidentifier@~1.0.1
219 silly packumentCache full:https://registry.npmjs.org/toidentifier cache-miss
220 http fetch GET 200 https://registry.npmjs.org/ms 138ms (cache miss)
221 silly packumentCache full:https://registry.npmjs.org/ms set size:undefined disposed:false
222 silly fetch manifest mime-db@^1.54.0
223 silly packumentCache full:https://registry.npmjs.org/mime-db cache-miss
224 http fetch GET 200 https://registry.npmjs.org/inherits 102ms (cache miss)
225 silly packumentCache full:https://registry.npmjs.org/inherits set size:undefined disposed:false
226 silly fetch manifest ee-first@1.1.1
227 silly packumentCache full:https://registry.npmjs.org/ee-first cache-miss
228 http fetch GET 200 https://registry.npmjs.org/iconv-lite 151ms (cache miss)
229 silly packumentCache full:https://registry.npmjs.org/iconv-lite set size:undefined disposed:false
230 silly fetch manifest wrappy@1
231 silly packumentCache full:https://registry.npmjs.org/wrappy cache-miss
232 http fetch GET 200 https://registry.npmjs.org/raw-body 160ms (cache miss)
233 silly packumentCache full:https://registry.npmjs.org/raw-body set size:undefined disposed:false
234 silly fetch manifest forwarded@0.2.0
235 silly packumentCache full:https://registry.npmjs.org/forwarded cache-miss
236 http cache https://registry.npmjs.org/statuses 46ms (cache hit)
237 silly packumentCache full:https://registry.npmjs.org/statuses set size:37117 disposed:false
238 silly fetch manifest ipaddr.js@1.9.1
239 silly packumentCache full:https://registry.npmjs.org/ipaddr.js cache-miss
240 http fetch GET 200 https://registry.npmjs.org/setprototypeof 116ms (cache miss)
241 silly packumentCache full:https://registry.npmjs.org/setprototypeof set size:undefined disposed:false
242 silly fetch manifest side-channel@^1.1.0
243 silly packumentCache full:https://registry.npmjs.org/side-channel cache-miss
244 http fetch GET 200 https://registry.npmjs.org/toidentifier 84ms (cache miss)
245 silly packumentCache full:https://registry.npmjs.org/toidentifier set size:undefined disposed:false
246 silly fetch manifest is-promise@^4.0.0
247 silly packumentCache full:https://registry.npmjs.org/is-promise cache-miss
248 http fetch GET 200 https://registry.npmjs.org/ee-first 83ms (cache miss)
249 silly packumentCache full:https://registry.npmjs.org/ee-first set size:undefined disposed:false
250 silly fetch manifest path-to-regexp@^8.0.0
251 silly packumentCache full:https://registry.npmjs.org/path-to-regexp cache-miss
252 http fetch GET 200 https://registry.npmjs.org/wrappy 76ms (cache miss)
253 silly packumentCache full:https://registry.npmjs.org/wrappy set size:undefined disposed:false
254 silly fetch manifest statuses@^2.0.2
255 silly packumentCache full:https://registry.npmjs.org/statuses cache-hit
256 silly fetch manifest content-type@^2.0.0
257 silly packumentCache full:https://registry.npmjs.org/content-type cache-miss
258 http fetch GET 200 https://registry.npmjs.org/mime-db 102ms (cache miss)
259 silly packumentCache full:https://registry.npmjs.org/mime-db set size:undefined disposed:false
260 silly fetch manifest media-typer@^1.1.0
261 silly packumentCache full:https://registry.npmjs.org/media-typer cache-miss
262 http fetch GET 200 https://registry.npmjs.org/forwarded 101ms (cache miss)
263 silly packumentCache full:https://registry.npmjs.org/forwarded set size:undefined disposed:false
264 http cache https://registry.npmjs.org/content-type 26ms (cache hit)
265 silly packumentCache full:https://registry.npmjs.org/content-type set size:18994 disposed:false
266 http fetch GET 200 https://registry.npmjs.org/side-channel 84ms (cache miss)
267 silly packumentCache full:https://registry.npmjs.org/side-channel set size:undefined disposed:false
268 http fetch GET 200 https://registry.npmjs.org/ipaddr.js 94ms (cache miss)
269 silly packumentCache full:https://registry.npmjs.org/ipaddr.js set size:undefined disposed:false
270 http fetch GET 200 https://registry.npmjs.org/is-promise 60ms (cache miss)
271 silly packumentCache full:https://registry.npmjs.org/is-promise set size:undefined disposed:false
272 http fetch GET 200 https://registry.npmjs.org/media-typer 73ms (cache miss)
273 silly packumentCache full:https://registry.npmjs.org/media-typer set size:undefined disposed:false
274 http fetch GET 200 https://registry.npmjs.org/path-to-regexp 106ms (cache miss)
275 silly packumentCache full:https://registry.npmjs.org/path-to-regexp set size:undefined disposed:false
276 silly placeDep ROOT negotiator@1.0.0 OK for: accepts@2.0.0 want: ^1.0.0
277 silly placeDep ROOT bytes@3.1.2 OK for: body-parser@2.2.2 want: ^3.1.2
278 silly placeDep ROOT iconv-lite@0.7.2 OK for: body-parser@2.2.2 want: ^0.7.0
279 silly placeDep ROOT raw-body@3.0.2 OK for: body-parser@2.2.2 want: ^3.0.1
280 silly fetch manifest safer-buffer@>= 2.1.2 < 3.0.0
281 silly packumentCache full:https://registry.npmjs.org/safer-buffer cache-miss
282 silly fetch manifest unpipe@~1.0.0
283 silly packumentCache full:https://registry.npmjs.org/unpipe cache-miss
284 http fetch GET 200 https://registry.npmjs.org/safer-buffer 48ms (cache miss)
285 silly packumentCache full:https://registry.npmjs.org/safer-buffer set size:undefined disposed:false
286 http fetch GET 200 https://registry.npmjs.org/unpipe 65ms (cache miss)
287 silly packumentCache full:https://registry.npmjs.org/unpipe set size:undefined disposed:false
288 silly placeDep ROOT ms@2.1.3 OK for: debug@4.4.3 want: ^2.1.3
289 silly placeDep ROOT glob@13.0.6 OK for: express-handlebars@9.0.1 want: ^13.0.6
290 silly placeDep ROOT graceful-fs@4.2.11 OK for: express-handlebars@9.0.1 want: ^4.2.11
291 silly placeDep ROOT handlebars@4.7.9 OK for: express-handlebars@9.0.1 want: ^4.7.9
292 silly fetch manifest minimatch@^10.2.2
293 silly packumentCache full:https://registry.npmjs.org/minimatch cache-miss
294 silly fetch manifest minipass@^7.1.3
295 silly packumentCache full:https://registry.npmjs.org/minipass cache-miss
296 silly fetch manifest path-scurry@^2.0.2
297 silly packumentCache full:https://registry.npmjs.org/path-scurry cache-miss
298 silly fetch manifest minimist@^1.2.5
299 silly packumentCache full:https://registry.npmjs.org/minimist cache-miss
300 silly fetch manifest neo-async@^2.6.2
301 silly packumentCache full:https://registry.npmjs.org/neo-async cache-miss
302 silly fetch manifest source-map@^0.6.1
303 silly packumentCache full:https://registry.npmjs.org/source-map cache-miss
304 silly fetch manifest wordwrap@^1.0.0
305 silly packumentCache full:https://registry.npmjs.org/wordwrap cache-miss
306 http fetch GET 200 https://registry.npmjs.org/wordwrap 115ms (cache miss)
307 silly packumentCache full:https://registry.npmjs.org/wordwrap set size:undefined disposed:false
308 silly fetch manifest uglify-js@^3.1.4
309 silly packumentCache full:https://registry.npmjs.org/uglify-js cache-miss
310 http fetch GET 200 https://registry.npmjs.org/minimist 122ms (cache miss)
311 silly packumentCache full:https://registry.npmjs.org/minimist set size:undefined disposed:false
312 http fetch GET 200 https://registry.npmjs.org/path-scurry 128ms (cache miss)
313 silly packumentCache full:https://registry.npmjs.org/path-scurry set size:undefined disposed:false
314 http fetch GET 200 https://registry.npmjs.org/neo-async 131ms (cache miss)
315 silly packumentCache full:https://registry.npmjs.org/neo-async set size:undefined disposed:false
316 http fetch GET 200 https://registry.npmjs.org/source-map 140ms (cache miss)
317 silly packumentCache full:https://registry.npmjs.org/source-map set size:undefined disposed:false
318 http fetch GET 200 https://registry.npmjs.org/minipass 155ms (cache miss)
319 silly packumentCache full:https://registry.npmjs.org/minipass set size:undefined disposed:false
320 http fetch GET 200 https://registry.npmjs.org/minimatch 169ms (cache miss)
321 silly packumentCache full:https://registry.npmjs.org/minimatch set size:undefined disposed:false
322 http fetch GET 200 https://registry.npmjs.org/uglify-js 176ms (cache miss)
323 silly packumentCache full:https://registry.npmjs.org/uglify-js set size:undefined disposed:false
324 silly placeDep ROOT minimatch@10.2.5 OK for: glob@13.0.6 want: ^10.2.2
325 silly placeDep ROOT minipass@7.1.3 OK for: glob@13.0.6 want: ^7.1.3
326 silly placeDep ROOT path-scurry@2.0.2 OK for: glob@13.0.6 want: ^2.0.2
327 silly fetch manifest brace-expansion@^5.0.5
328 silly packumentCache full:https://registry.npmjs.org/brace-expansion cache-miss
329 silly fetch manifest lru-cache@^11.0.0
330 silly packumentCache full:https://registry.npmjs.org/lru-cache cache-miss
331 http fetch GET 200 https://registry.npmjs.org/brace-expansion 66ms (cache miss)
332 silly packumentCache full:https://registry.npmjs.org/brace-expansion set size:undefined disposed:false
333 http fetch GET 200 https://registry.npmjs.org/lru-cache 127ms (cache miss)
334 silly packumentCache full:https://registry.npmjs.org/lru-cache set size:undefined disposed:false
335 silly placeDep ROOT minimist@1.2.8 OK for: handlebars@4.7.9 want: ^1.2.5
336 silly placeDep ROOT neo-async@2.6.2 OK for: handlebars@4.7.9 want: ^2.6.2
337 silly placeDep ROOT source-map@0.6.1 OK for: handlebars@4.7.9 want: ^0.6.1
338 silly placeDep ROOT uglify-js@3.19.3 OK for: handlebars@4.7.9 want: ^3.1.4
339 silly placeDep ROOT wordwrap@1.0.0 OK for: handlebars@4.7.9 want: ^1.0.0
340 silly placeDep ROOT inherits@2.0.4 OK for: http-errors@2.0.1 want: ~2.0.4
341 silly placeDep ROOT setprototypeof@1.2.0 OK for: http-errors@2.0.1 want: ~1.2.0
342 silly placeDep ROOT toidentifier@1.0.1 OK for: http-errors@2.0.1 want: ~1.0.1
343 silly placeDep ROOT safer-buffer@2.1.2 OK for: iconv-lite@0.7.2 want: >= 2.1.2 < 3.0.0
344 silly placeDep ROOT mime-db@1.54.0 OK for: mime-types@3.0.2 want: ^1.54.0
345 silly placeDep ROOT brace-expansion@5.0.6 OK for: minimatch@10.2.5 want: ^5.0.5
346 silly fetch manifest balanced-match@^4.0.2
347 silly packumentCache full:https://registry.npmjs.org/balanced-match cache-miss
348 http fetch GET 200 https://registry.npmjs.org/balanced-match 55ms (cache miss)
349 silly packumentCache full:https://registry.npmjs.org/balanced-match set size:undefined disposed:false
350 silly placeDep ROOT balanced-match@4.0.4 OK for: brace-expansion@5.0.6 want: ^4.0.2
351 silly placeDep ROOT ee-first@1.1.1 OK for: on-finished@2.4.1 want: 1.1.1
352 silly placeDep ROOT wrappy@1.0.2 OK for: once@1.4.0 want: 1
353 silly placeDep ROOT lru-cache@11.5.0 OK for: path-scurry@2.0.2 want: ^11.0.0
354 silly placeDep ROOT @napi-rs/canvas@0.1.80 OK for: pdf-parse@2.4.5 want: 0.1.80
355 silly placeDep ROOT pdfjs-dist@5.4.296 OK for: pdf-parse@2.4.5 want: 5.4.296
356 silly fetch manifest @napi-rs/canvas-darwin-x64@0.1.80
357 silly packumentCache full:https://registry.npmjs.org/@napi-rs%2fcanvas-darwin-x64 cache-miss
358 silly fetch manifest @napi-rs/canvas-darwin-arm64@0.1.80
359 silly packumentCache full:https://registry.npmjs.org/@napi-rs%2fcanvas-darwin-arm64 cache-miss
360 silly fetch manifest @napi-rs/canvas-android-arm64@0.1.80
361 silly packumentCache full:https://registry.npmjs.org/@napi-rs%2fcanvas-android-arm64 cache-miss
362 silly fetch manifest @napi-rs/canvas-linux-x64-gnu@0.1.80
363 silly packumentCache full:https://registry.npmjs.org/@napi-rs%2fcanvas-linux-x64-gnu cache-miss
364 silly fetch manifest @napi-rs/canvas-linux-x64-musl@0.1.80
365 silly packumentCache full:https://registry.npmjs.org/@napi-rs%2fcanvas-linux-x64-musl cache-miss
366 silly fetch manifest @napi-rs/canvas-win32-x64-msvc@0.1.80
367 silly packumentCache full:https://registry.npmjs.org/@napi-rs%2fcanvas-win32-x64-msvc cache-miss
368 silly fetch manifest @napi-rs/canvas-linux-arm64-gnu@0.1.80
369 silly packumentCache full:https://registry.npmjs.org/@napi-rs%2fcanvas-linux-arm64-gnu cache-miss
370 http fetch GET 200 https://registry.npmjs.org/@napi-rs%2fcanvas-win32-x64-msvc 168ms (cache miss)
371 silly packumentCache full:https://registry.npmjs.org/@napi-rs%2fcanvas-win32-x64-msvc set size:undefined disposed:false
372 silly fetch manifest @napi-rs/canvas-linux-arm64-musl@0.1.80
373 silly packumentCache full:https://registry.npmjs.org/@napi-rs%2fcanvas-linux-arm64-musl cache-miss
374 http fetch GET 200 https://registry.npmjs.org/@napi-rs%2fcanvas-android-arm64 180ms (cache miss)
375 silly packumentCache full:https://registry.npmjs.org/@napi-rs%2fcanvas-android-arm64 set size:undefined disposed:false
376 silly fetch manifest @napi-rs/canvas-linux-riscv64-gnu@0.1.80
377 silly packumentCache full:https://registry.npmjs.org/@napi-rs%2fcanvas-linux-riscv64-gnu cache-miss
378 http fetch GET 200 https://registry.npmjs.org/@napi-rs%2fcanvas-darwin-x64 188ms (cache miss)
379 silly packumentCache full:https://registry.npmjs.org/@napi-rs%2fcanvas-darwin-x64 set size:undefined disposed:false
380 silly fetch manifest @napi-rs/canvas-linux-arm-gnueabihf@0.1.80
381 silly packumentCache full:https://registry.npmjs.org/@napi-rs%2fcanvas-linux-arm-gnueabihf cache-miss
382 http fetch GET 200 https://registry.npmjs.org/@napi-rs%2fcanvas-linux-x64-gnu 201ms (cache miss)
383 silly packumentCache full:https://registry.npmjs.org/@napi-rs%2fcanvas-linux-x64-gnu set size:undefined disposed:false
384 http fetch GET 200 https://registry.npmjs.org/@napi-rs%2fcanvas-darwin-arm64 207ms (cache miss)
385 silly packumentCache full:https://registry.npmjs.org/@napi-rs%2fcanvas-darwin-arm64 set size:undefined disposed:false
386 http fetch GET 200 https://registry.npmjs.org/@napi-rs%2fcanvas-linux-x64-musl 207ms (cache miss)
387 silly packumentCache full:https://registry.npmjs.org/@napi-rs%2fcanvas-linux-x64-musl set size:undefined disposed:false
388 http fetch GET 200 https://registry.npmjs.org/@napi-rs%2fcanvas-linux-arm64-gnu 217ms (cache miss)
389 silly packumentCache full:https://registry.npmjs.org/@napi-rs%2fcanvas-linux-arm64-gnu set size:undefined disposed:false
390 http fetch GET 200 https://registry.npmjs.org/@napi-rs%2fcanvas-linux-riscv64-gnu 117ms (cache miss)
391 silly packumentCache full:https://registry.npmjs.org/@napi-rs%2fcanvas-linux-riscv64-gnu set size:undefined disposed:false
392 http fetch GET 200 https://registry.npmjs.org/@napi-rs%2fcanvas-linux-arm64-musl 144ms (cache miss)
393 silly packumentCache full:https://registry.npmjs.org/@napi-rs%2fcanvas-linux-arm64-musl set size:undefined disposed:false
394 http fetch GET 200 https://registry.npmjs.org/@napi-rs%2fcanvas-linux-arm-gnueabihf 135ms (cache miss)
395 silly packumentCache full:https://registry.npmjs.org/@napi-rs%2fcanvas-linux-arm-gnueabihf set size:undefined disposed:false
396 silly placeDep ROOT @napi-rs/canvas-android-arm64@0.1.80 OK for: @napi-rs/canvas@0.1.80 want: 0.1.80
397 silly placeDep ROOT @napi-rs/canvas-darwin-arm64@0.1.80 OK for: @napi-rs/canvas@0.1.80 want: 0.1.80
398 silly placeDep ROOT @napi-rs/canvas-darwin-x64@0.1.80 OK for: @napi-rs/canvas@0.1.80 want: 0.1.80
399 silly placeDep ROOT @napi-rs/canvas-linux-arm-gnueabihf@0.1.80 OK for: @napi-rs/canvas@0.1.80 want: 0.1.80
400 silly placeDep ROOT @napi-rs/canvas-linux-arm64-gnu@0.1.80 OK for: @napi-rs/canvas@0.1.80 want: 0.1.80
401 silly placeDep ROOT @napi-rs/canvas-linux-arm64-musl@0.1.80 OK for: @napi-rs/canvas@0.1.80 want: 0.1.80
402 silly placeDep ROOT @napi-rs/canvas-linux-riscv64-gnu@0.1.80 OK for: @napi-rs/canvas@0.1.80 want: 0.1.80
403 silly placeDep ROOT @napi-rs/canvas-linux-x64-gnu@0.1.80 OK for: @napi-rs/canvas@0.1.80 want: 0.1.80
404 silly placeDep ROOT @napi-rs/canvas-linux-x64-musl@0.1.80 OK for: @napi-rs/canvas@0.1.80 want: 0.1.80
405 silly placeDep ROOT @napi-rs/canvas-win32-x64-msvc@0.1.80 OK for: @napi-rs/canvas@0.1.80 want: 0.1.80
406 silly placeDep ROOT forwarded@0.2.0 OK for: proxy-addr@2.0.7 want: 0.2.0
407 silly placeDep ROOT ipaddr.js@1.9.1 OK for: proxy-addr@2.0.7 want: 1.9.1
408 silly placeDep ROOT side-channel@1.1.0 OK for: qs@6.15.2 want: ^1.1.0
409 silly fetch manifest es-errors@^1.3.0
410 silly packumentCache full:https://registry.npmjs.org/es-errors cache-miss
411 silly fetch manifest object-inspect@^1.13.3
412 silly packumentCache full:https://registry.npmjs.org/object-inspect cache-miss
413 silly fetch manifest side-channel-list@^1.0.0
414 silly packumentCache full:https://registry.npmjs.org/side-channel-list cache-miss
415 silly fetch manifest side-channel-map@^1.0.1
416 silly packumentCache full:https://registry.npmjs.org/side-channel-map cache-miss
417 silly fetch manifest side-channel-weakmap@^1.0.2
418 silly packumentCache full:https://registry.npmjs.org/side-channel-weakmap cache-miss
419 http fetch GET 200 https://registry.npmjs.org/es-errors 89ms (cache miss)
420 silly packumentCache full:https://registry.npmjs.org/es-errors set size:undefined disposed:false
421 http fetch GET 200 https://registry.npmjs.org/side-channel-weakmap 88ms (cache miss)
422 silly packumentCache full:https://registry.npmjs.org/side-channel-weakmap set size:undefined disposed:false
423 http fetch GET 200 https://registry.npmjs.org/side-channel-list 91ms (cache miss)
424 silly packumentCache full:https://registry.npmjs.org/side-channel-list set size:undefined disposed:false
425 http fetch GET 200 https://registry.npmjs.org/object-inspect 94ms (cache miss)
426 silly packumentCache full:https://registry.npmjs.org/object-inspect set size:undefined disposed:false
427 http fetch GET 200 https://registry.npmjs.org/side-channel-map 95ms (cache miss)
428 silly packumentCache full:https://registry.npmjs.org/side-channel-map set size:undefined disposed:false
429 silly placeDep ROOT unpipe@1.0.0 OK for: raw-body@3.0.2 want: ~1.0.0
430 silly placeDep ROOT is-promise@4.0.0 OK for: router@2.2.0 want: ^4.0.0
431 silly placeDep ROOT path-to-regexp@8.4.2 OK for: router@2.2.0 want: ^8.0.0
432 silly placeDep ROOT es-errors@1.3.0 OK for: side-channel@1.1.0 want: ^1.3.0
433 silly placeDep ROOT object-inspect@1.13.4 OK for: side-channel@1.1.0 want: ^1.13.3
434 silly placeDep ROOT side-channel-list@1.0.1 OK for: side-channel@1.1.0 want: ^1.0.0
435 silly placeDep ROOT side-channel-map@1.0.1 OK for: side-channel@1.1.0 want: ^1.0.1
436 silly placeDep ROOT side-channel-weakmap@1.0.2 OK for: side-channel@1.1.0 want: ^1.0.2
437 silly fetch manifest call-bound@^1.0.2
438 silly packumentCache full:https://registry.npmjs.org/call-bound cache-miss
439 silly fetch manifest get-intrinsic@^1.2.5
440 silly packumentCache full:https://registry.npmjs.org/get-intrinsic cache-miss
441 silly fetch manifest call-bound@^1.0.2
442 silly packumentCache full:https://registry.npmjs.org/call-bound cache-miss
443 silly fetch manifest get-intrinsic@^1.2.5
444 silly packumentCache full:https://registry.npmjs.org/get-intrinsic cache-miss
445 http fetch GET 200 https://registry.npmjs.org/call-bound 60ms (cache miss)
446 silly packumentCache full:https://registry.npmjs.org/call-bound set size:undefined disposed:false
447 http fetch GET 200 https://registry.npmjs.org/get-intrinsic 66ms (cache miss)
448 silly packumentCache full:https://registry.npmjs.org/get-intrinsic set size:undefined disposed:false
449 http fetch GET 200 https://registry.npmjs.org/call-bound 71ms (cache miss)
450 silly packumentCache full:https://registry.npmjs.org/call-bound set size:undefined disposed:false
451 http fetch GET 200 https://registry.npmjs.org/get-intrinsic 74ms (cache miss)
452 silly packumentCache full:https://registry.npmjs.org/get-intrinsic set size:undefined disposed:false
453 silly placeDep ROOT call-bound@1.0.4 OK for: side-channel-map@1.0.1 want: ^1.0.2
454 silly placeDep ROOT get-intrinsic@1.3.0 OK for: side-channel-map@1.0.1 want: ^1.2.5
455 silly fetch manifest call-bind-apply-helpers@^1.0.2
456 silly packumentCache full:https://registry.npmjs.org/call-bind-apply-helpers cache-miss
457 silly fetch manifest get-intrinsic@^1.3.0
458 silly packumentCache full:https://registry.npmjs.org/get-intrinsic cache-miss
459 silly fetch manifest gopd@^1.2.0
460 silly packumentCache full:https://registry.npmjs.org/gopd cache-miss
461 silly fetch manifest hasown@^2.0.2
462 silly packumentCache full:https://registry.npmjs.org/hasown cache-miss
463 silly fetch manifest get-proto@^1.0.1
464 silly packumentCache full:https://registry.npmjs.org/get-proto cache-miss
465 silly fetch manifest has-symbols@^1.1.0
466 silly packumentCache full:https://registry.npmjs.org/has-symbols cache-miss
467 silly fetch manifest function-bind@^1.1.2
468 silly packumentCache full:https://registry.npmjs.org/function-bind cache-miss
469 http cache https://registry.npmjs.org/get-intrinsic 26ms (cache hit)
470 silly packumentCache full:https://registry.npmjs.org/get-intrinsic set size:60985 disposed:false
471 silly fetch manifest es-object-atoms@^1.1.1
472 silly packumentCache full:https://registry.npmjs.org/es-object-atoms cache-miss
473 http fetch GET 200 https://registry.npmjs.org/es-object-atoms 91ms (cache miss)
474 silly packumentCache full:https://registry.npmjs.org/es-object-atoms set size:undefined disposed:false
475 silly fetch manifest math-intrinsics@^1.1.0
476 silly packumentCache full:https://registry.npmjs.org/math-intrinsics cache-miss
477 http fetch GET 200 https://registry.npmjs.org/function-bind 121ms (cache miss)
478 silly packumentCache full:https://registry.npmjs.org/function-bind set size:undefined disposed:false
479 silly fetch manifest es-define-property@^1.0.1
480 silly packumentCache full:https://registry.npmjs.org/es-define-property cache-miss
481 http fetch GET 200 https://registry.npmjs.org/get-proto 129ms (cache miss)
482 silly packumentCache full:https://registry.npmjs.org/get-proto set size:undefined disposed:false
483 silly fetch manifest call-bind-apply-helpers@^1.0.2
484 silly packumentCache full:https://registry.npmjs.org/call-bind-apply-helpers cache-miss
485 http fetch GET 200 https://registry.npmjs.org/gopd 133ms (cache miss)
486 silly packumentCache full:https://registry.npmjs.org/gopd set size:undefined disposed:false
487 http fetch GET 200 https://registry.npmjs.org/has-symbols 145ms (cache miss)
488 silly packumentCache full:https://registry.npmjs.org/has-symbols set size:undefined disposed:false
489 http fetch GET 200 https://registry.npmjs.org/call-bind-apply-helpers 152ms (cache miss)
490 silly packumentCache full:https://registry.npmjs.org/call-bind-apply-helpers set size:undefined disposed:false
491 http fetch GET 200 https://registry.npmjs.org/hasown 155ms (cache miss)
492 silly packumentCache full:https://registry.npmjs.org/hasown set size:undefined disposed:false
493 http cache https://registry.npmjs.org/call-bind-apply-helpers 32ms (cache hit)
494 silly packumentCache full:https://registry.npmjs.org/call-bind-apply-helpers set size:12744 disposed:false
495 http fetch GET 200 https://registry.npmjs.org/es-define-property 75ms (cache miss)
496 silly packumentCache full:https://registry.npmjs.org/es-define-property set size:undefined disposed:false
497 http fetch GET 200 https://registry.npmjs.org/math-intrinsics 83ms (cache miss)
498 silly packumentCache full:https://registry.npmjs.org/math-intrinsics set size:undefined disposed:false
499 silly placeDep ROOT call-bind-apply-helpers@1.0.2 OK for: call-bound@1.0.4 want: ^1.0.2
500 silly placeDep ROOT function-bind@1.1.2 OK for: call-bind-apply-helpers@1.0.2 want: ^1.1.2
501 silly placeDep ROOT es-define-property@1.0.1 OK for: get-intrinsic@1.3.0 want: ^1.0.1
502 silly placeDep ROOT es-object-atoms@1.1.2 OK for: get-intrinsic@1.3.0 want: ^1.1.1
503 silly placeDep ROOT get-proto@1.0.1 OK for: get-intrinsic@1.3.0 want: ^1.0.1
504 silly placeDep ROOT gopd@1.2.0 OK for: get-intrinsic@1.3.0 want: ^1.2.0
505 silly placeDep ROOT has-symbols@1.1.0 OK for: get-intrinsic@1.3.0 want: ^1.1.0
506 silly placeDep ROOT hasown@2.0.3 OK for: get-intrinsic@1.3.0 want: ^2.0.2
507 silly placeDep ROOT math-intrinsics@1.1.0 OK for: get-intrinsic@1.3.0 want: ^1.1.0
508 silly fetch manifest dunder-proto@^1.0.1
509 silly packumentCache full:https://registry.npmjs.org/dunder-proto cache-miss
510 http fetch GET 200 https://registry.npmjs.org/dunder-proto 56ms (cache miss)
511 silly packumentCache full:https://registry.npmjs.org/dunder-proto set size:undefined disposed:false
512 silly placeDep ROOT dunder-proto@1.0.1 OK for: get-proto@1.0.1 want: ^1.0.1
513 silly placeDep node_modules/type-is content-type@2.0.0 OK for: type-is@2.1.0 want: ^2.0.0
514 silly placeDep ROOT media-typer@1.1.0 OK for: type-is@2.1.0 want: ^1.1.0
515 silly reify moves {}
516 silly audit bulk request {
516 silly audit   express: [ '5.2.1' ],
516 silly audit   'express-handlebars': [ '9.0.1' ],
516 silly audit   'pdf-parse': [ '2.4.5' ],
516 silly audit   accepts: [ '2.0.0' ],
516 silly audit   'body-parser': [ '2.2.2' ],
516 silly audit   'content-disposition': [ '1.1.0' ],
516 silly audit   'content-type': [ '1.0.5', '2.0.0' ],
516 silly audit   cookie: [ '0.7.2' ],
516 silly audit   'cookie-signature': [ '1.2.2' ],
516 silly audit   debug: [ '4.4.3' ],
516 silly audit   depd: [ '2.0.0' ],
516 silly audit   encodeurl: [ '2.0.0' ],
516 silly audit   'escape-html': [ '1.0.3' ],
516 silly audit   etag: [ '1.8.1' ],
516 silly audit   finalhandler: [ '2.1.1' ],
516 silly audit   fresh: [ '2.0.0' ],
516 silly audit   'http-errors': [ '2.0.1' ],
516 silly audit   'merge-descriptors': [ '2.0.0' ],
516 silly audit   'mime-types': [ '3.0.2' ],
516 silly audit   'on-finished': [ '2.4.1' ],
516 silly audit   once: [ '1.4.0' ],
516 silly audit   parseurl: [ '1.3.3' ],
516 silly audit   'proxy-addr': [ '2.0.7' ],
516 silly audit   qs: [ '6.15.2' ],
516 silly audit   'range-parser': [ '1.2.1' ],
516 silly audit   router: [ '2.2.0' ],
516 silly audit   send: [ '1.2.1' ],
516 silly audit   'serve-static': [ '2.2.1' ],
516 silly audit   statuses: [ '2.0.2' ],
516 silly audit   'type-is': [ '2.1.0' ],
516 silly audit   vary: [ '1.1.2' ],
516 silly audit   negotiator: [ '1.0.0' ],
516 silly audit   bytes: [ '3.1.2' ],
516 silly audit   'iconv-lite': [ '0.7.2' ],
516 silly audit   'raw-body': [ '3.0.2' ],
516 silly audit   ms: [ '2.1.3' ],
516 silly audit   glob: [ '13.0.6' ],
516 silly audit   'graceful-fs': [ '4.2.11' ],
516 silly audit   handlebars: [ '4.7.9' ],
516 silly audit   minimatch: [ '10.2.5' ],
516 silly audit   minipass: [ '7.1.3' ],
516 silly audit   'path-scurry': [ '2.0.2' ],
516 silly audit   minimist: [ '1.2.8' ],
516 silly audit   'neo-async': [ '2.6.2' ],
516 silly audit   'source-map': [ '0.6.1' ],
516 silly audit   'uglify-js': [ '3.19.3' ],
516 silly audit   wordwrap: [ '1.0.0' ],
516 silly audit   inherits: [ '2.0.4' ],
516 silly audit   setprototypeof: [ '1.2.0' ],
516 silly audit   toidentifier: [ '1.0.1' ],
516 silly audit   'safer-buffer': [ '2.1.2' ],
516 silly audit   'mime-db': [ '1.54.0' ],
516 silly audit   'brace-expansion': [ '5.0.6' ],
516 silly audit   'balanced-match': [ '4.0.4' ],
516 silly audit   'ee-first': [ '1.1.1' ],
516 silly audit   wrappy: [ '1.0.2' ],
516 silly audit   'lru-cache': [ '11.5.0' ],
516 silly audit   '@napi-rs/canvas': [ '0.1.80' ],
516 silly audit   'pdfjs-dist': [ '5.4.296' ],
516 silly audit   '@napi-rs/canvas-android-arm64': [ '0.1.80' ],
516 silly audit   '@napi-rs/canvas-darwin-arm64': [ '0.1.80' ],
516 silly audit   '@napi-rs/canvas-darwin-x64': [ '0.1.80' ],
516 silly audit   '@napi-rs/canvas-linux-arm-gnueabihf': [ '0.1.80' ],
516 silly audit   '@napi-rs/canvas-linux-arm64-gnu': [ '0.1.80' ],
516 silly audit   '@napi-rs/canvas-linux-arm64-musl': [ '0.1.80' ],
516 silly audit   '@napi-rs/canvas-linux-riscv64-gnu': [ '0.1.80' ],
516 silly audit   '@napi-rs/canvas-linux-x64-gnu': [ '0.1.80' ],
516 silly audit   '@napi-rs/canvas-linux-x64-musl': [ '0.1.80' ],
516 silly audit   '@napi-rs/canvas-win32-x64-msvc': [ '0.1.80' ],
516 silly audit   forwarded: [ '0.2.0' ],
516 silly audit   'ipaddr.js': [ '1.9.1' ],
516 silly audit   'side-channel': [ '1.1.0' ],
516 silly audit   unpipe: [ '1.0.0' ],
516 silly audit   'is-promise': [ '4.0.0' ],
516 silly audit   'path-to-regexp': [ '8.4.2' ],
516 silly audit   'es-errors': [ '1.3.0' ],
516 silly audit   'object-inspect': [ '1.13.4' ],
516 silly audit   'side-channel-list': [ '1.0.1' ],
516 silly audit   'side-channel-map': [ '1.0.1' ],
516 silly audit   'side-channel-weakmap': [ '1.0.2' ],
516 silly audit   'call-bound': [ '1.0.4' ],
516 silly audit   'get-intrinsic': [ '1.3.0' ],
516 silly audit   'call-bind-apply-helpers': [ '1.0.2' ],
516 silly audit   'function-bind': [ '1.1.2' ],
516 silly audit   'es-define-property': [ '1.0.1' ],
516 silly audit   'es-object-atoms': [ '1.1.2' ],
516 silly audit   'get-proto': [ '1.0.1' ],
516 silly audit   gopd: [ '1.2.0' ],
516 silly audit   'has-symbols': [ '1.1.0' ],
516 silly audit   hasown: [ '2.0.3' ],
516 silly audit   'math-intrinsics': [ '1.1.0' ],
516 silly audit   'dunder-proto': [ '1.0.1' ],
516 silly audit   'media-typer': [ '1.1.0' ]
516 silly audit }
517 http cache media-typer@https://registry.npmjs.org/media-typer/-/media-typer-1.1.0.tgz 0ms (cache hit)
518 http cache dunder-proto@https://registry.npmjs.org/dunder-proto/-/dunder-proto-1.0.1.tgz 0ms (cache hit)
519 http cache math-intrinsics@https://registry.npmjs.org/math-intrinsics/-/math-intrinsics-1.1.0.tgz 0ms (cache hit)
520 http cache hasown@https://registry.npmjs.org/hasown/-/hasown-2.0.3.tgz 0ms (cache hit)
521 http cache gopd@https://registry.npmjs.org/gopd/-/gopd-1.2.0.tgz 0ms (cache hit)
522 http cache get-proto@https://registry.npmjs.org/get-proto/-/get-proto-1.0.1.tgz 0ms (cache hit)
523 http cache has-symbols@https://registry.npmjs.org/has-symbols/-/has-symbols-1.1.0.tgz 0ms (cache hit)
524 http cache es-object-atoms@https://registry.npmjs.org/es-object-atoms/-/es-object-atoms-1.1.2.tgz 0ms (cache hit)
525 http cache function-bind@https://registry.npmjs.org/function-bind/-/function-bind-1.1.2.tgz 0ms (cache hit)
526 http cache es-define-property@https://registry.npmjs.org/es-define-property/-/es-define-property-1.0.1.tgz 0ms (cache hit)
527 http cache call-bound@https://registry.npmjs.org/call-bound/-/call-bound-1.0.4.tgz 0ms (cache hit)
528 http cache call-bind-apply-helpers@https://registry.npmjs.org/call-bind-apply-helpers/-/call-bind-apply-helpers-1.0.2.tgz 0ms (cache hit)
529 http cache get-intrinsic@https://registry.npmjs.org/get-intrinsic/-/get-intrinsic-1.3.0.tgz 0ms (cache hit)
530 http cache side-channel-weakmap@https://registry.npmjs.org/side-channel-weakmap/-/side-channel-weakmap-1.0.2.tgz 0ms (cache hit)
531 http cache side-channel-list@https://registry.npmjs.org/side-channel-list/-/side-channel-list-1.0.1.tgz 0ms (cache hit)
532 http cache side-channel-map@https://registry.npmjs.org/side-channel-map/-/side-channel-map-1.0.1.tgz 0ms (cache hit)
533 http cache object-inspect@https://registry.npmjs.org/object-inspect/-/object-inspect-1.13.4.tgz 0ms (cache hit)
534 http cache es-errors@https://registry.npmjs.org/es-errors/-/es-errors-1.3.0.tgz 0ms (cache hit)
535 http cache path-to-regexp@https://registry.npmjs.org/path-to-regexp/-/path-to-regexp-8.4.2.tgz 0ms (cache hit)
536 http cache is-promise@https://registry.npmjs.org/is-promise/-/is-promise-4.0.0.tgz 0ms (cache hit)
537 http cache unpipe@https://registry.npmjs.org/unpipe/-/unpipe-1.0.0.tgz 0ms (cache hit)
538 http cache side-channel@https://registry.npmjs.org/side-channel/-/side-channel-1.1.0.tgz 0ms (cache hit)
539 http cache forwarded@https://registry.npmjs.org/forwarded/-/forwarded-0.2.0.tgz 0ms (cache hit)
540 http cache @napi-rs/canvas-win32-x64-msvc@https://registry.npmjs.org/@napi-rs/canvas-win32-x64-msvc/-/canvas-win32-x64-msvc-0.1.80.tgz 0ms (cache hit)
541 http cache ipaddr.js@https://registry.npmjs.org/ipaddr.js/-/ipaddr.js-1.9.1.tgz 0ms (cache hit)
542 http cache @napi-rs/canvas@https://registry.npmjs.org/@napi-rs/canvas/-/canvas-0.1.80.tgz 0ms (cache hit)
543 http cache pdfjs-dist@https://registry.npmjs.org/pdfjs-dist/-/pdfjs-dist-5.4.296.tgz 0ms (cache hit)
544 http cache wrappy@https://registry.npmjs.org/wrappy/-/wrappy-1.0.2.tgz 0ms (cache hit)
545 http cache lru-cache@https://registry.npmjs.org/lru-cache/-/lru-cache-11.5.0.tgz 0ms (cache hit)
546 http cache ee-first@https://registry.npmjs.org/ee-first/-/ee-first-1.1.1.tgz 0ms (cache hit)
547 http cache brace-expansion@https://registry.npmjs.org/brace-expansion/-/brace-expansion-5.0.6.tgz 0ms (cache hit)
548 http cache balanced-match@https://registry.npmjs.org/balanced-match/-/balanced-match-4.0.4.tgz 0ms (cache hit)
549 http cache mime-db@https://registry.npmjs.org/mime-db/-/mime-db-1.54.0.tgz 0ms (cache hit)
550 http cache safer-buffer@https://registry.npmjs.org/safer-buffer/-/safer-buffer-2.1.2.tgz 0ms (cache hit)
551 http cache toidentifier@https://registry.npmjs.org/toidentifier/-/toidentifier-1.0.1.tgz 0ms (cache hit)
552 http cache setprototypeof@https://registry.npmjs.org/setprototypeof/-/setprototypeof-1.2.0.tgz 0ms (cache hit)
553 http cache inherits@https://registry.npmjs.org/inherits/-/inherits-2.0.4.tgz 0ms (cache hit)
554 http cache wordwrap@https://registry.npmjs.org/wordwrap/-/wordwrap-1.0.0.tgz 0ms (cache hit)
555 http cache uglify-js@https://registry.npmjs.org/uglify-js/-/uglify-js-3.19.3.tgz 0ms (cache hit)
556 http cache source-map@https://registry.npmjs.org/source-map/-/source-map-0.6.1.tgz 0ms (cache hit)
557 http cache neo-async@https://registry.npmjs.org/neo-async/-/neo-async-2.6.2.tgz 0ms (cache hit)
558 http cache minimist@https://registry.npmjs.org/minimist/-/minimist-1.2.8.tgz 0ms (cache hit)
559 http cache minipass@https://registry.npmjs.org/minipass/-/minipass-7.1.3.tgz 0ms (cache hit)
560 http cache path-scurry@https://registry.npmjs.org/path-scurry/-/path-scurry-2.0.2.tgz 0ms (cache hit)
561 http cache minimatch@https://registry.npmjs.org/minimatch/-/minimatch-10.2.5.tgz 0ms (cache hit)
562 http cache handlebars@https://registry.npmjs.org/handlebars/-/handlebars-4.7.9.tgz 0ms (cache hit)
563 http cache graceful-fs@https://registry.npmjs.org/graceful-fs/-/graceful-fs-4.2.11.tgz 0ms (cache hit)
564 http cache glob@https://registry.npmjs.org/glob/-/glob-13.0.6.tgz 0ms (cache hit)
565 http cache ms@https://registry.npmjs.org/ms/-/ms-2.1.3.tgz 0ms (cache hit)
566 http cache raw-body@https://registry.npmjs.org/raw-body/-/raw-body-3.0.2.tgz 0ms (cache hit)
567 http cache iconv-lite@https://registry.npmjs.org/iconv-lite/-/iconv-lite-0.7.2.tgz 0ms (cache hit)
568 http cache bytes@https://registry.npmjs.org/bytes/-/bytes-3.1.2.tgz 0ms (cache hit)
569 http cache negotiator@https://registry.npmjs.org/negotiator/-/negotiator-1.0.0.tgz 0ms (cache hit)
570 http cache statuses@https://registry.npmjs.org/statuses/-/statuses-2.0.2.tgz 0ms (cache hit)
571 http cache type-is@https://registry.npmjs.org/type-is/-/type-is-2.1.0.tgz 0ms (cache hit)
572 http cache vary@https://registry.npmjs.org/vary/-/vary-1.1.2.tgz 0ms (cache hit)
573 http cache send@https://registry.npmjs.org/send/-/send-1.2.1.tgz 1ms (cache hit)
574 http cache serve-static@https://registry.npmjs.org/serve-static/-/serve-static-2.2.1.tgz 0ms (cache hit)
575 http cache router@https://registry.npmjs.org/router/-/router-2.2.0.tgz 0ms (cache hit)
576 http cache range-parser@https://registry.npmjs.org/range-parser/-/range-parser-1.2.1.tgz 0ms (cache hit)
577 http cache qs@https://registry.npmjs.org/qs/-/qs-6.15.2.tgz 0ms (cache hit)
578 http cache proxy-addr@https://registry.npmjs.org/proxy-addr/-/proxy-addr-2.0.7.tgz 0ms (cache hit)
579 http cache parseurl@https://registry.npmjs.org/parseurl/-/parseurl-1.3.3.tgz 0ms (cache hit)
580 http cache on-finished@https://registry.npmjs.org/on-finished/-/on-finished-2.4.1.tgz 1ms (cache hit)
581 http cache once@https://registry.npmjs.org/once/-/once-1.4.0.tgz 0ms (cache hit)
582 http cache mime-types@https://registry.npmjs.org/mime-types/-/mime-types-3.0.2.tgz 0ms (cache hit)
583 http cache merge-descriptors@https://registry.npmjs.org/merge-descriptors/-/merge-descriptors-2.0.0.tgz 0ms (cache hit)
584 http cache http-errors@https://registry.npmjs.org/http-errors/-/http-errors-2.0.1.tgz 0ms (cache hit)
585 http cache fresh@https://registry.npmjs.org/fresh/-/fresh-2.0.0.tgz 0ms (cache hit)
586 http cache finalhandler@https://registry.npmjs.org/finalhandler/-/finalhandler-2.1.1.tgz 0ms (cache hit)
587 http cache etag@https://registry.npmjs.org/etag/-/etag-1.8.1.tgz 0ms (cache hit)
588 http cache encodeurl@https://registry.npmjs.org/encodeurl/-/encodeurl-2.0.0.tgz 0ms (cache hit)
589 http cache escape-html@https://registry.npmjs.org/escape-html/-/escape-html-1.0.3.tgz 0ms (cache hit)
590 http cache debug@https://registry.npmjs.org/debug/-/debug-4.4.3.tgz 0ms (cache hit)
591 http cache depd@https://registry.npmjs.org/depd/-/depd-2.0.0.tgz 0ms (cache hit)
592 http cache cookie-signature@https://registry.npmjs.org/cookie-signature/-/cookie-signature-1.2.2.tgz 0ms (cache hit)
593 http cache cookie@https://registry.npmjs.org/cookie/-/cookie-0.7.2.tgz 0ms (cache hit)
594 http cache content-type@https://registry.npmjs.org/content-type/-/content-type-1.0.5.tgz 0ms (cache hit)
595 http cache body-parser@https://registry.npmjs.org/body-parser/-/body-parser-2.2.2.tgz 0ms (cache hit)
596 http cache content-disposition@https://registry.npmjs.org/content-disposition/-/content-disposition-1.1.0.tgz 0ms (cache hit)
597 http cache accepts@https://registry.npmjs.org/accepts/-/accepts-2.0.0.tgz 0ms (cache hit)
598 http cache pdf-parse@https://registry.npmjs.org/pdf-parse/-/pdf-parse-2.4.5.tgz 0ms (cache hit)
599 http cache content-type@https://registry.npmjs.org/content-type/-/content-type-2.0.0.tgz 0ms (cache hit)
600 silly tarball no local data for media-typer@https://registry.npmjs.org/media-typer/-/media-typer-1.1.0.tgz. Extracting by manifest.
601 silly tarball no local data for dunder-proto@https://registry.npmjs.org/dunder-proto/-/dunder-proto-1.0.1.tgz. Extracting by manifest.
602 http cache express-handlebars@https://registry.npmjs.org/express-handlebars/-/express-handlebars-9.0.1.tgz 0ms (cache hit)
603 silly tarball no local data for math-intrinsics@https://registry.npmjs.org/math-intrinsics/-/math-intrinsics-1.1.0.tgz. Extracting by manifest.
604 http cache express@https://registry.npmjs.org/express/-/express-5.2.1.tgz 0ms (cache hit)
605 silly tarball no local data for hasown@https://registry.npmjs.org/hasown/-/hasown-2.0.3.tgz. Extracting by manifest.
606 silly tarball no local data for gopd@https://registry.npmjs.org/gopd/-/gopd-1.2.0.tgz. Extracting by manifest.
607 silly tarball no local data for get-proto@https://registry.npmjs.org/get-proto/-/get-proto-1.0.1.tgz. Extracting by manifest.
608 silly tarball no local data for has-symbols@https://registry.npmjs.org/has-symbols/-/has-symbols-1.1.0.tgz. Extracting by manifest.
609 silly tarball no local data for es-object-atoms@https://registry.npmjs.org/es-object-atoms/-/es-object-atoms-1.1.2.tgz. Extracting by manifest.
610 silly tarball no local data for function-bind@https://registry.npmjs.org/function-bind/-/function-bind-1.1.2.tgz. Extracting by manifest.
611 silly tarball no local data for es-define-property@https://registry.npmjs.org/es-define-property/-/es-define-property-1.0.1.tgz. Extracting by manifest.
612 silly tarball no local data for call-bound@https://registry.npmjs.org/call-bound/-/call-bound-1.0.4.tgz. Extracting by manifest.
613 silly tarball no local data for call-bind-apply-helpers@https://registry.npmjs.org/call-bind-apply-helpers/-/call-bind-apply-helpers-1.0.2.tgz. Extracting by manifest.
614 silly tarball no local data for get-intrinsic@https://registry.npmjs.org/get-intrinsic/-/get-intrinsic-1.3.0.tgz. Extracting by manifest.
615 silly tarball no local data for side-channel-weakmap@https://registry.npmjs.org/side-channel-weakmap/-/side-channel-weakmap-1.0.2.tgz. Extracting by manifest.
616 silly tarball no local data for side-channel-list@https://registry.npmjs.org/side-channel-list/-/side-channel-list-1.0.1.tgz. Extracting by manifest.
617 silly tarball no local data for side-channel-map@https://registry.npmjs.org/side-channel-map/-/side-channel-map-1.0.1.tgz. Extracting by manifest.
618 silly tarball no local data for object-inspect@https://registry.npmjs.org/object-inspect/-/object-inspect-1.13.4.tgz. Extracting by manifest.
619 silly tarball no local data for es-errors@https://registry.npmjs.org/es-errors/-/es-errors-1.3.0.tgz. Extracting by manifest.
620 silly tarball no local data for path-to-regexp@https://registry.npmjs.org/path-to-regexp/-/path-to-regexp-8.4.2.tgz. Extracting by manifest.
621 silly tarball no local data for is-promise@https://registry.npmjs.org/is-promise/-/is-promise-4.0.0.tgz. Extracting by manifest.
622 silly tarball no local data for unpipe@https://registry.npmjs.org/unpipe/-/unpipe-1.0.0.tgz. Extracting by manifest.
623 silly tarball no local data for side-channel@https://registry.npmjs.org/side-channel/-/side-channel-1.1.0.tgz. Extracting by manifest.
624 silly tarball no local data for forwarded@https://registry.npmjs.org/forwarded/-/forwarded-0.2.0.tgz. Extracting by manifest.
625 silly tarball no local data for @napi-rs/canvas-win32-x64-msvc@https://registry.npmjs.org/@napi-rs/canvas-win32-x64-msvc/-/canvas-win32-x64-msvc-0.1.80.tgz. Extracting by manifest.
626 silly tarball no local data for ipaddr.js@https://registry.npmjs.org/ipaddr.js/-/ipaddr.js-1.9.1.tgz. Extracting by manifest.
627 silly tarball no local data for @napi-rs/canvas@https://registry.npmjs.org/@napi-rs/canvas/-/canvas-0.1.80.tgz. Extracting by manifest.
628 silly tarball no local data for pdfjs-dist@https://registry.npmjs.org/pdfjs-dist/-/pdfjs-dist-5.4.296.tgz. Extracting by manifest.
629 silly tarball no local data for wrappy@https://registry.npmjs.org/wrappy/-/wrappy-1.0.2.tgz. Extracting by manifest.
630 silly tarball no local data for lru-cache@https://registry.npmjs.org/lru-cache/-/lru-cache-11.5.0.tgz. Extracting by manifest.
631 silly tarball no local data for ee-first@https://registry.npmjs.org/ee-first/-/ee-first-1.1.1.tgz. Extracting by manifest.
632 silly tarball no local data for brace-expansion@https://registry.npmjs.org/brace-expansion/-/brace-expansion-5.0.6.tgz. Extracting by manifest.
633 silly tarball no local data for balanced-match@https://registry.npmjs.org/balanced-match/-/balanced-match-4.0.4.tgz. Extracting by manifest.
634 silly tarball no local data for mime-db@https://registry.npmjs.org/mime-db/-/mime-db-1.54.0.tgz. Extracting by manifest.
635 silly tarball no local data for safer-buffer@https://registry.npmjs.org/safer-buffer/-/safer-buffer-2.1.2.tgz. Extracting by manifest.
636 silly tarball no local data for toidentifier@https://registry.npmjs.org/toidentifier/-/toidentifier-1.0.1.tgz. Extracting by manifest.
637 silly tarball no local data for setprototypeof@https://registry.npmjs.org/setprototypeof/-/setprototypeof-1.2.0.tgz. Extracting by manifest.
638 silly tarball no local data for inherits@https://registry.npmjs.org/inherits/-/inherits-2.0.4.tgz. Extracting by manifest.
639 silly tarball no local data for wordwrap@https://registry.npmjs.org/wordwrap/-/wordwrap-1.0.0.tgz. Extracting by manifest.
640 silly tarball no local data for uglify-js@https://registry.npmjs.org/uglify-js/-/uglify-js-3.19.3.tgz. Extracting by manifest.
641 silly tarball no local data for source-map@https://registry.npmjs.org/source-map/-/source-map-0.6.1.tgz. Extracting by manifest.
642 silly tarball no local data for neo-async@https://registry.npmjs.org/neo-async/-/neo-async-2.6.2.tgz. Extracting by manifest.
643 silly tarball no local data for minimist@https://registry.npmjs.org/minimist/-/minimist-1.2.8.tgz. Extracting by manifest.
644 silly tarball no local data for minipass@https://registry.npmjs.org/minipass/-/minipass-7.1.3.tgz. Extracting by manifest.
645 silly tarball no local data for path-scurry@https://registry.npmjs.org/path-scurry/-/path-scurry-2.0.2.tgz. Extracting by manifest.
646 silly tarball no local data for minimatch@https://registry.npmjs.org/minimatch/-/minimatch-10.2.5.tgz. Extracting by manifest.
647 silly tarball no local data for handlebars@https://registry.npmjs.org/handlebars/-/handlebars-4.7.9.tgz. Extracting by manifest.
648 silly tarball no local data for graceful-fs@https://registry.npmjs.org/graceful-fs/-/graceful-fs-4.2.11.tgz. Extracting by manifest.
649 silly tarball no local data for glob@https://registry.npmjs.org/glob/-/glob-13.0.6.tgz. Extracting by manifest.
650 silly tarball no local data for ms@https://registry.npmjs.org/ms/-/ms-2.1.3.tgz. Extracting by manifest.
651 silly tarball no local data for raw-body@https://registry.npmjs.org/raw-body/-/raw-body-3.0.2.tgz. Extracting by manifest.
652 silly tarball no local data for iconv-lite@https://registry.npmjs.org/iconv-lite/-/iconv-lite-0.7.2.tgz. Extracting by manifest.
653 silly tarball no local data for bytes@https://registry.npmjs.org/bytes/-/bytes-3.1.2.tgz. Extracting by manifest.
654 silly tarball no local data for negotiator@https://registry.npmjs.org/negotiator/-/negotiator-1.0.0.tgz. Extracting by manifest.
655 silly tarball no local data for statuses@https://registry.npmjs.org/statuses/-/statuses-2.0.2.tgz. Extracting by manifest.
656 silly tarball no local data for type-is@https://registry.npmjs.org/type-is/-/type-is-2.1.0.tgz. Extracting by manifest.
657 silly tarball no local data for vary@https://registry.npmjs.org/vary/-/vary-1.1.2.tgz. Extracting by manifest.
658 silly tarball no local data for send@https://registry.npmjs.org/send/-/send-1.2.1.tgz. Extracting by manifest.
659 silly tarball no local data for serve-static@https://registry.npmjs.org/serve-static/-/serve-static-2.2.1.tgz. Extracting by manifest.
660 silly tarball no local data for router@https://registry.npmjs.org/router/-/router-2.2.0.tgz. Extracting by manifest.
661 silly tarball no local data for range-parser@https://registry.npmjs.org/range-parser/-/range-parser-1.2.1.tgz. Extracting by manifest.
662 silly tarball no local data for qs@https://registry.npmjs.org/qs/-/qs-6.15.2.tgz. Extracting by manifest.
663 silly tarball no local data for proxy-addr@https://registry.npmjs.org/proxy-addr/-/proxy-addr-2.0.7.tgz. Extracting by manifest.
664 silly tarball no local data for parseurl@https://registry.npmjs.org/parseurl/-/parseurl-1.3.3.tgz. Extracting by manifest.
665 silly tarball no local data for on-finished@https://registry.npmjs.org/on-finished/-/on-finished-2.4.1.tgz. Extracting by manifest.
666 silly tarball no local data for once@https://registry.npmjs.org/once/-/once-1.4.0.tgz. Extracting by manifest.
667 silly tarball no local data for mime-types@https://registry.npmjs.org/mime-types/-/mime-types-3.0.2.tgz. Extracting by manifest.
668 silly tarball no local data for merge-descriptors@https://registry.npmjs.org/merge-descriptors/-/merge-descriptors-2.0.0.tgz. Extracting by manifest.
669 silly tarball no local data for http-errors@https://registry.npmjs.org/http-errors/-/http-errors-2.0.1.tgz. Extracting by manifest.
670 silly tarball no local data for fresh@https://registry.npmjs.org/fresh/-/fresh-2.0.0.tgz. Extracting by manifest.
671 silly tarball no local data for finalhandler@https://registry.npmjs.org/finalhandler/-/finalhandler-2.1.1.tgz. Extracting by manifest.
672 silly tarball no local data for etag@https://registry.npmjs.org/etag/-/etag-1.8.1.tgz. Extracting by manifest.
673 silly tarball no local data for encodeurl@https://registry.npmjs.org/encodeurl/-/encodeurl-2.0.0.tgz. Extracting by manifest.
674 silly tarball no local data for escape-html@https://registry.npmjs.org/escape-html/-/escape-html-1.0.3.tgz. Extracting by manifest.
675 silly tarball no local data for debug@https://registry.npmjs.org/debug/-/debug-4.4.3.tgz. Extracting by manifest.
676 silly tarball no local data for depd@https://registry.npmjs.org/depd/-/depd-2.0.0.tgz. Extracting by manifest.
677 silly tarball no local data for cookie-signature@https://registry.npmjs.org/cookie-signature/-/cookie-signature-1.2.2.tgz. Extracting by manifest.
678 silly tarball no local data for cookie@https://registry.npmjs.org/cookie/-/cookie-0.7.2.tgz. Extracting by manifest.
679 silly tarball no local data for content-type@https://registry.npmjs.org/content-type/-/content-type-1.0.5.tgz. Extracting by manifest.
680 silly tarball no local data for body-parser@https://registry.npmjs.org/body-parser/-/body-parser-2.2.2.tgz. Extracting by manifest.
681 silly tarball no local data for content-disposition@https://registry.npmjs.org/content-disposition/-/content-disposition-1.1.0.tgz. Extracting by manifest.
682 silly tarball no local data for accepts@https://registry.npmjs.org/accepts/-/accepts-2.0.0.tgz. Extracting by manifest.
683 silly tarball no local data for pdf-parse@https://registry.npmjs.org/pdf-parse/-/pdf-parse-2.4.5.tgz. Extracting by manifest.
684 silly tarball no local data for content-type@https://registry.npmjs.org/content-type/-/content-type-2.0.0.tgz. Extracting by manifest.
685 silly tarball no local data for express-handlebars@https://registry.npmjs.org/express-handlebars/-/express-handlebars-9.0.1.tgz. Extracting by manifest.
686 silly tarball no local data for express@https://registry.npmjs.org/express/-/express-5.2.1.tgz. Extracting by manifest.
687 http fetch POST 200 https://registry.npmjs.org/-/npm/v1/security/advisories/bulk 474ms
688 silly audit report {}
689 http fetch GET 200 https://registry.npmjs.org/dunder-proto/-/dunder-proto-1.0.1.tgz 2733ms (cache miss)
690 http fetch GET 200 https://registry.npmjs.org/hasown/-/hasown-2.0.3.tgz 2730ms (cache miss)
691 http fetch GET 200 https://registry.npmjs.org/get-proto/-/get-proto-1.0.1.tgz 2936ms (cache miss)
692 http fetch GET 200 https://registry.npmjs.org/math-intrinsics/-/math-intrinsics-1.1.0.tgz 2990ms (cache miss)
693 http fetch GET 200 https://registry.npmjs.org/path-to-regexp/-/path-to-regexp-8.4.2.tgz 2967ms (cache miss)
694 http fetch GET 200 https://registry.npmjs.org/gopd/-/gopd-1.2.0.tgz 3033ms (cache miss)
695 http fetch GET 200 https://registry.npmjs.org/media-typer/-/media-typer-1.1.0.tgz 3084ms (cache miss)
696 http fetch GET 200 https://registry.npmjs.org/side-channel-list/-/side-channel-list-1.0.1.tgz 3062ms (cache miss)
697 http fetch GET 200 https://registry.npmjs.org/is-promise/-/is-promise-4.0.0.tgz 3056ms (cache miss)
698 http fetch GET 200 https://registry.npmjs.org/es-errors/-/es-errors-1.3.0.tgz 3110ms (cache miss)
699 http fetch GET 200 https://registry.npmjs.org/unpipe/-/unpipe-1.0.0.tgz 3141ms (cache miss)
700 http fetch GET 200 https://registry.npmjs.org/side-channel-map/-/side-channel-map-1.0.1.tgz 3158ms (cache miss)
701 http fetch GET 200 https://registry.npmjs.org/forwarded/-/forwarded-0.2.0.tgz 3150ms (cache miss)
702 http fetch GET 200 https://registry.npmjs.org/wrappy/-/wrappy-1.0.2.tgz 3251ms (cache miss)
703 http fetch GET 200 https://registry.npmjs.org/setprototypeof/-/setprototypeof-1.2.0.tgz 3314ms (cache miss)
704 http fetch GET 200 https://registry.npmjs.org/toidentifier/-/toidentifier-1.0.1.tgz 3322ms (cache miss)
705 http fetch GET 200 https://registry.npmjs.org/once/-/once-1.4.0.tgz 3409ms (cache miss)
706 http fetch GET 200 https://registry.npmjs.org/ee-first/-/ee-first-1.1.1.tgz 3479ms (cache miss)
707 http fetch GET 200 https://registry.npmjs.org/inherits/-/inherits-2.0.4.tgz 3474ms (cache miss)
708 http fetch GET 200 https://registry.npmjs.org/send/-/send-1.2.1.tgz 3496ms (cache miss)
709 http fetch GET 200 https://registry.npmjs.org/bytes/-/bytes-3.1.2.tgz 3512ms (cache miss)
710 http fetch GET 200 https://registry.npmjs.org/raw-body/-/raw-body-3.0.2.tgz 3548ms (cache miss)
711 http fetch GET 200 https://registry.npmjs.org/merge-descriptors/-/merge-descriptors-2.0.0.tgz 3529ms (cache miss)
712 http fetch GET 200 https://registry.npmjs.org/fresh/-/fresh-2.0.0.tgz 3528ms (cache miss)
713 http fetch GET 200 https://registry.npmjs.org/on-finished/-/on-finished-2.4.1.tgz 3538ms (cache miss)
714 http fetch GET 200 https://registry.npmjs.org/ms/-/ms-2.1.3.tgz 3578ms (cache miss)
715 http fetch GET 200 https://registry.npmjs.org/router/-/router-2.2.0.tgz 3570ms (cache miss)
716 http fetch GET 200 https://registry.npmjs.org/type-is/-/type-is-2.1.0.tgz 3582ms (cache miss)
717 http fetch GET 200 https://registry.npmjs.org/escape-html/-/escape-html-1.0.3.tgz 3558ms (cache miss)
718 http fetch GET 200 https://registry.npmjs.org/finalhandler/-/finalhandler-2.1.1.tgz 3566ms (cache miss)
719 http fetch GET 200 https://registry.npmjs.org/encodeurl/-/encodeurl-2.0.0.tgz 3573ms (cache miss)
720 http fetch GET 200 https://registry.npmjs.org/cookie-signature/-/cookie-signature-1.2.2.tgz 3570ms (cache miss)
721 http fetch GET 200 https://registry.npmjs.org/content-type/-/content-type-1.0.5.tgz 3569ms (cache miss)
722 http fetch GET 200 https://registry.npmjs.org/accepts/-/accepts-2.0.0.tgz 3567ms (cache miss)
723 http fetch GET 200 https://registry.npmjs.org/vary/-/vary-1.1.2.tgz 3613ms (cache miss)
724 http fetch GET 200 https://registry.npmjs.org/parseurl/-/parseurl-1.3.3.tgz 3609ms (cache miss)
725 http fetch GET 200 https://registry.npmjs.org/content-type/-/content-type-2.0.0.tgz 3592ms (cache miss)
726 http fetch GET 200 https://registry.npmjs.org/range-parser/-/range-parser-1.2.1.tgz 3635ms (cache miss)
727 http fetch GET 200 https://registry.npmjs.org/etag/-/etag-1.8.1.tgz 3628ms (cache miss)
728 http fetch GET 200 https://registry.npmjs.org/ipaddr.js/-/ipaddr.js-1.9.1.tgz 3700ms (cache miss)
729 http fetch GET 200 https://registry.npmjs.org/content-disposition/-/content-disposition-1.1.0.tgz 3628ms (cache miss)
730 http fetch GET 200 https://registry.npmjs.org/depd/-/depd-2.0.0.tgz 3783ms (cache miss)
731 http fetch GET 200 https://registry.npmjs.org/statuses/-/statuses-2.0.2.tgz 3832ms (cache miss)
732 http fetch GET 200 https://registry.npmjs.org/graceful-fs/-/graceful-fs-4.2.11.tgz 3958ms (cache miss)
733 http fetch GET 200 https://registry.npmjs.org/mime-types/-/mime-types-3.0.2.tgz 3932ms (cache miss)
734 http fetch GET 200 https://registry.npmjs.org/@napi-rs/canvas/-/canvas-0.1.80.tgz 4128ms (cache miss)
735 http fetch GET 200 https://registry.npmjs.org/serve-static/-/serve-static-2.2.1.tgz 4116ms (cache miss)
736 http fetch GET 200 https://registry.npmjs.org/proxy-addr/-/proxy-addr-2.0.7.tgz 4137ms (cache miss)
737 http fetch GET 200 https://registry.npmjs.org/cookie/-/cookie-0.7.2.tgz 4126ms (cache miss)
738 http fetch GET 200 https://registry.npmjs.org/http-errors/-/http-errors-2.0.1.tgz 4200ms (cache miss)
739 http fetch GET 200 https://registry.npmjs.org/side-channel/-/side-channel-1.1.0.tgz 4356ms (cache miss)
740 http fetch GET 200 https://registry.npmjs.org/safer-buffer/-/safer-buffer-2.1.2.tgz 4367ms (cache miss)
741 http fetch GET 200 https://registry.npmjs.org/call-bound/-/call-bound-1.0.4.tgz 4414ms (cache miss)
742 http fetch GET 200 https://registry.npmjs.org/side-channel-weakmap/-/side-channel-weakmap-1.0.2.tgz 4411ms (cache miss)
743 http fetch GET 200 https://registry.npmjs.org/es-define-property/-/es-define-property-1.0.1.tgz 4431ms (cache miss)
744 http fetch GET 200 https://registry.npmjs.org/negotiator/-/negotiator-1.0.0.tgz 4376ms (cache miss)
745 http fetch GET 200 https://registry.npmjs.org/get-intrinsic/-/get-intrinsic-1.3.0.tgz 4460ms (cache miss)
746 http fetch GET 200 https://registry.npmjs.org/mime-db/-/mime-db-1.54.0.tgz 4452ms (cache miss)
747 http fetch GET 200 https://registry.npmjs.org/function-bind/-/function-bind-1.1.2.tgz 4509ms (cache miss)
748 http fetch GET 200 https://registry.npmjs.org/debug/-/debug-4.4.3.tgz 4522ms (cache miss)
749 http fetch GET 200 https://registry.npmjs.org/express/-/express-5.2.1.tgz 4510ms (cache miss)
750 http fetch GET 200 https://registry.npmjs.org/es-object-atoms/-/es-object-atoms-1.1.2.tgz 4639ms (cache miss)
751 http fetch GET 200 https://registry.npmjs.org/body-parser/-/body-parser-2.2.2.tgz 4549ms (cache miss)
752 http fetch GET 200 https://registry.npmjs.org/wordwrap/-/wordwrap-1.0.0.tgz 4630ms (cache miss)
753 http fetch GET 200 https://registry.npmjs.org/has-symbols/-/has-symbols-1.1.0.tgz 4943ms (cache miss)
754 http fetch GET 200 https://registry.npmjs.org/call-bind-apply-helpers/-/call-bind-apply-helpers-1.0.2.tgz 5246ms (cache miss)
755 http fetch GET 200 https://registry.npmjs.org/balanced-match/-/balanced-match-4.0.4.tgz 5284ms (cache miss)
756 http fetch GET 200 https://registry.npmjs.org/brace-expansion/-/brace-expansion-5.0.6.tgz 5289ms (cache miss)
757 http fetch GET 200 https://registry.npmjs.org/qs/-/qs-6.15.2.tgz 5717ms (cache miss)
758 http fetch GET 200 https://registry.npmjs.org/minimist/-/minimist-1.2.8.tgz 5793ms (cache miss)
759 http fetch GET 200 https://registry.npmjs.org/minipass/-/minipass-7.1.3.tgz 5811ms (cache miss)
760 http fetch GET 200 https://registry.npmjs.org/path-scurry/-/path-scurry-2.0.2.tgz 5885ms (cache miss)
761 http fetch GET 200 https://registry.npmjs.org/object-inspect/-/object-inspect-1.13.4.tgz 6001ms (cache miss)
762 http fetch GET 200 https://registry.npmjs.org/uglify-js/-/uglify-js-3.19.3.tgz 6028ms (cache miss)
763 http fetch GET 200 https://registry.npmjs.org/iconv-lite/-/iconv-lite-0.7.2.tgz 6012ms (cache miss)
764 http fetch GET 200 https://registry.npmjs.org/source-map/-/source-map-0.6.1.tgz 6065ms (cache miss)
765 http fetch GET 200 https://registry.npmjs.org/express-handlebars/-/express-handlebars-9.0.1.tgz 6075ms (cache miss)
766 http fetch GET 200 https://registry.npmjs.org/minimatch/-/minimatch-10.2.5.tgz 6476ms (cache miss)
767 http fetch GET 200 https://registry.npmjs.org/neo-async/-/neo-async-2.6.2.tgz 6553ms (cache miss)
768 http fetch GET 200 https://registry.npmjs.org/glob/-/glob-13.0.6.tgz 6815ms (cache miss)
769 http fetch GET 200 https://registry.npmjs.org/lru-cache/-/lru-cache-11.5.0.tgz 7707ms (cache miss)
770 http fetch GET 200 https://registry.npmjs.org/handlebars/-/handlebars-4.7.9.tgz 8297ms (cache miss)
771 http fetch GET 200 https://registry.npmjs.org/@napi-rs/canvas-win32-x64-msvc/-/canvas-win32-x64-msvc-0.1.80.tgz 9017ms (cache miss)
772 http fetch GET 200 https://registry.npmjs.org/pdf-parse/-/pdf-parse-2.4.5.tgz 9242ms (cache miss)
773 http fetch GET 200 https://registry.npmjs.org/pdfjs-dist/-/pdfjs-dist-5.4.296.tgz 10767ms (cache miss)
774 silly ADD node_modules/media-typer
775 silly ADD node_modules/dunder-proto
776 silly ADD node_modules/math-intrinsics
777 silly ADD node_modules/hasown
778 silly ADD node_modules/has-symbols
779 silly ADD node_modules/gopd
780 silly ADD node_modules/get-proto
781 silly ADD node_modules/es-object-atoms
782 silly ADD node_modules/es-define-property
783 silly ADD node_modules/function-bind
784 silly ADD node_modules/call-bind-apply-helpers
785 silly ADD node_modules/get-intrinsic
786 silly ADD node_modules/call-bound
787 silly ADD node_modules/side-channel-weakmap
788 silly ADD node_modules/side-channel-map
789 silly ADD node_modules/side-channel-list
790 silly ADD node_modules/object-inspect
791 silly ADD node_modules/es-errors
792 silly ADD node_modules/path-to-regexp
793 silly ADD node_modules/is-promise
794 silly ADD node_modules/unpipe
795 silly ADD node_modules/side-channel
796 silly ADD node_modules/ipaddr.js
797 silly ADD node_modules/forwarded
798 silly ADD node_modules/@napi-rs/canvas-win32-x64-msvc
799 silly ADD node_modules/pdfjs-dist
800 silly ADD node_modules/@napi-rs/canvas
801 silly ADD node_modules/lru-cache
802 silly ADD node_modules/wrappy
803 silly ADD node_modules/ee-first
804 silly ADD node_modules/balanced-match
805 silly ADD node_modules/brace-expansion
806 silly ADD node_modules/mime-db
807 silly ADD node_modules/safer-buffer
808 silly ADD node_modules/toidentifier
809 silly ADD node_modules/setprototypeof
810 silly ADD node_modules/inherits
811 silly ADD node_modules/wordwrap
812 silly ADD node_modules/uglify-js
813 silly ADD node_modules/source-map
814 silly ADD node_modules/neo-async
815 silly ADD node_modules/minimist
816 silly ADD node_modules/path-scurry
817 silly ADD node_modules/minipass
818 silly ADD node_modules/minimatch
819 silly ADD node_modules/handlebars
820 silly ADD node_modules/graceful-fs
821 silly ADD node_modules/glob
822 silly ADD node_modules/ms
823 silly ADD node_modules/raw-body
824 silly ADD node_modules/iconv-lite
825 silly ADD node_modules/bytes
826 silly ADD node_modules/negotiator
827 silly ADD node_modules/vary
828 silly ADD node_modules/type-is
829 silly ADD node_modules/type-is/node_modules/content-type
830 silly ADD node_modules/statuses
831 silly ADD node_modules/serve-static
832 silly ADD node_modules/send
833 silly ADD node_modules/router
834 silly ADD node_modules/range-parser
835 silly ADD node_modules/qs
836 silly ADD node_modules/proxy-addr
837 silly ADD node_modules/parseurl
838 silly ADD node_modules/once
839 silly ADD node_modules/on-finished
840 silly ADD node_modules/mime-types
841 silly ADD node_modules/merge-descriptors
842 silly ADD node_modules/http-errors
843 silly ADD node_modules/fresh
844 silly ADD node_modules/finalhandler
845 silly ADD node_modules/etag
846 silly ADD node_modules/escape-html
847 silly ADD node_modules/encodeurl
848 silly ADD node_modules/depd
849 silly ADD node_modules/debug
850 silly ADD node_modules/cookie-signature
851 silly ADD node_modules/cookie
852 silly ADD node_modules/content-type
853 silly ADD node_modules/content-disposition
854 silly ADD node_modules/body-parser
855 silly ADD node_modules/accepts
856 silly ADD node_modules/pdf-parse
857 silly ADD node_modules/express-handlebars
858 silly ADD node_modules/express
859 verbose cwd d:\Projects\Portfolio
860 verbose os Windows_NT 10.0.26200
861 verbose node v24.14.1
862 verbose npm  v11.11.0
863 notice
863 notice New minor version of npm available! 11.11.0 -> 11.15.0
863 notice Changelog: https://github.com/npm/cli/releases/tag/v11.15.0
863 notice To update run: npm install -g npm@11.15.0
863 notice  { force: true, Symbol(proc-log.meta): true }
864 verbose exit 0
865 info ok
